<?xml version="1.0" encoding="utf-8"?><testsuites name="pytest tests"><testsuite name="pytest" errors="0" failures="0" skipped="0" tests="23" time="10.060" timestamp="2026-04-14T08:22:24.838361+00:00" hostname="agent-env-152ad740-74c2-49dd-9dc5-bd39f7df9880"><testcase classname="backend.tests.test_3role_system.TestHealthAndStats" name="test_api_root" time="0.282" /><testcase classname="backend.tests.test_3role_system.TestHealthAndStats" name="test_stats_endpoint" time="0.208" /><testcase classname="backend.tests.test_3role_system.TestHealthAndStats" name="test_constants_endpoint" time="0.093" /><testcase classname="backend.tests.test_3role_system.TestFederationAuth" name="test_federation_login_success" time="2.335" /><testcase classname="backend.tests.test_3role_system.TestFederationAuth" name="test_federation_login_wrong_password" time="0.298" /><testcase classname="backend.tests.test_3role_system.TestFederationAuth" name="test_federation_me_endpoint" time="0.460" /><testcase classname="backend.tests.test_3role_system.TestHikerAuth" name="test_hiker_registration_or_login" time="0.447" /><testcase classname="backend.tests.test_3role_system.TestHikerAuth" name="test_hiker_cannot_access_federation_endpoints" time="0.405" /><testcase classname="backend.tests.test_3role_system.TestHikerAuth" name="test_hiker_cannot_access_society_endpoints" time="0.382" /><testcase classname="backend.tests.test_3role_system.TestSocietyAuth" name="test_society_registration_or_login" time="0.379" /><testcase classname="backend.tests.test_3role_system.TestSocietyAuth" name="test_society_cannot_access_federation_endpoints" time="0.413" /><testcase classname="backend.tests.test_3role_system.TestFederationSocietyManagement" name="test_federation_list_societies" time="0.424" /><testcase classname="backend.tests.test_3role_system.TestFederationSocietyManagement" name="test_federation_approve_society" time="0.485" /><testcase classname="backend.tests.test_3role_system.TestFederationActivityManagement" name="test_federation_list_activities" time="0.431" /><testcase classname="backend.tests.test_3role_system.TestFederationActivityManagement" name="test_federation_filter_pending_activities" time="0.428" /><testcase classname="backend.tests.test_3role_system.TestSocietyActivityManagement" name="test_society_list_own_activities" time="0.488" /><testcase classname="backend.tests.test_3role_system.TestSocietyActivityManagement" name="test_society_create_draft_activity" time="0.500" /><testcase classname="backend.tests.test_3role_system.TestRegularParticipants" name="test_get_regular_participants" time="0.428" /><testcase classname="backend.tests.test_3role_system.TestRegularParticipants" name="test_add_regular_participant" time="0.382" /><testcase classname="backend.tests.test_3role_system.TestMapAndZones" name="test_get_zones" time="0.093" /><testcase classname="backend.tests.test_3role_system.TestMapAndZones" name="test_get_public_routes" time="0.092" /><testcase classname="backend.tests.test_3role_system.TestRoleBasedAccess" name="test_unauthenticated_cannot_access_protected" time="0.357" /><testcase classname="backend.tests.test_3role_system.TestRoleBasedAccess" name="test_invalid_token_rejected" time="0.118" /></testsuite></testsuites>